Using pre-set license
Built from '2020.3/staging' branch; Version is '2020.3.18f1 (a7d1c678663c) revision 10998214'; Using compiler version '192528614'; Build Type 'Release'
OS: 'Windows 10 Pro; OS build 18363.418; Version 1909; 64bit' Language: 'en' Physical Memory: 8126 MB
BatchMode: 1, IsHumanControllingUs: 0, StartBugReporterOnCrash: 0, Is64bit: 1, IsPro: 0

COMMAND LINE ARGUMENTS:
D:\Unity Editors\2020.3.18f1\Editor\Unity.exe
-adb2
-batchMode
-noUpm
-name
AssetImportWorker1
-projectPath
C:/Users/PC/Documents/GitHub/Lords-and-Lands
-logFile
Logs/AssetImportWorker1.log
-srvPort
64191
Successfully changed project path to: C:/Users/PC/Documents/GitHub/Lords-and-Lands
C:/Users/PC/Documents/GitHub/Lords-and-Lands
Using Asset Import Pipeline V2.
Refreshing native plugins compatible for Editor in 73.69 ms, found 3 plugins.
Preloading 0 native plugins for Editor in 0.00 ms.
Initialize engine version: 2020.3.18f1 (a7d1c678663c)
[Subsystems] Discovering subsystems at path D:/Unity Editors/2020.3.18f1/Editor/Data/Resources/UnitySubsystems
[Subsystems] Discovering subsystems at path C:/Users/PC/Documents/GitHub/Lords-and-Lands/Assets
GfxDevice: creating device client; threaded=0
Direct3D:
    Version:  Direct3D 11.0 [level 11.1]
    Renderer: NVIDIA GeForce GTX 1060 6GB (ID=0x1c03)
    Vendor:   
    VRAM:     6052 MB
    Driver:   30.0.14.7196
Initialize mono
Mono path[0] = 'D:/Unity Editors/2020.3.18f1/Editor/Data/Managed'
Mono path[1] = 'D:/Unity Editors/2020.3.18f1/Editor/Data/MonoBleedingEdge/lib/mono/unityjit'
Mono config path = 'D:/Unity Editors/2020.3.18f1/Editor/Data/MonoBleedingEdge/etc'
Using monoOptions --debugger-agent=transport=dt_socket,embedding=1,server=y,suspend=n,address=127.0.0.1:56504
Begin MonoManager ReloadAssembly
Registering precompiled unity dll's ...
Register platform support module: D:/Unity Editors/2020.3.18f1/Editor/Data/PlaybackEngines/WindowsStandaloneSupport/UnityEditor.WindowsStandalone.Extensions.dll
Registered in 0.002201 seconds.
Native extension for WindowsStandalone target not found
Refreshing native plugins compatible for Editor in 58.45 ms, found 3 plugins.
Preloading 0 native plugins for Editor in 0.00 ms.
Mono: successfully reloaded assembly
- Completed reload, in  1.818 seconds
Domain Reload Profiling:
	ReloadAssembly (1818ms)
		BeginReloadAssembly (75ms)
			ExecutionOrderSort (0ms)
			DisableScriptedObjects (0ms)
			BackupInstance (0ms)
			ReleaseScriptingObjects (0ms)
			CreateAndSetChildDomain (1ms)
		EndReloadAssembly (688ms)
			LoadAssemblies (74ms)
			RebuildTransferFunctionScriptingTraits (0ms)
			SetupTypeCache (278ms)
			ReleaseScriptCaches (0ms)
			RebuildScriptCaches (45ms)
			SetupLoadedEditorAssemblies (254ms)
				LogAssemblyErrors (0ms)
				InitializePlatformSupportModulesInManaged (6ms)
				SetLoadedEditorAssemblies (0ms)
				RefreshPlugins (59ms)
				BeforeProcessingInitializeOnLoad (25ms)
				ProcessInitializeOnLoadAttributes (122ms)
				ProcessInitializeOnLoadMethodAttributes (43ms)
				AfterProcessingInitializeOnLoad (0ms)
				EditorAssembliesLoaded (0ms)
			ExecutionOrderSort2 (0ms)
			AwakeInstancesAfterBackupRestoration (0ms)
Platform modules already initialized, skipping
Registering precompiled user dll's ...
Registered in 0.003520 seconds.
Begin MonoManager ReloadAssembly
Native extension for WindowsStandalone target not found
Refreshing native plugins compatible for Editor in 58.54 ms, found 3 plugins.
Preloading 0 native plugins for Editor in 0.00 ms.
Mono: successfully reloaded assembly
- Completed reload, in  1.761 seconds
Domain Reload Profiling:
	ReloadAssembly (1762ms)
		BeginReloadAssembly (211ms)
			ExecutionOrderSort (0ms)
			DisableScriptedObjects (7ms)
			BackupInstance (0ms)
			ReleaseScriptingObjects (0ms)
			CreateAndSetChildDomain (25ms)
		EndReloadAssembly (1455ms)
			LoadAssemblies (150ms)
			RebuildTransferFunctionScriptingTraits (0ms)
			SetupTypeCache (520ms)
			ReleaseScriptCaches (1ms)
			RebuildScriptCaches (69ms)
			SetupLoadedEditorAssemblies (524ms)
				LogAssemblyErrors (0ms)
				InitializePlatformSupportModulesInManaged (5ms)
				SetLoadedEditorAssemblies (0ms)
				RefreshPlugins (59ms)
				BeforeProcessingInitializeOnLoad (99ms)
				ProcessInitializeOnLoadAttributes (332ms)
				ProcessInitializeOnLoadMethodAttributes (26ms)
				AfterProcessingInitializeOnLoad (3ms)
				EditorAssembliesLoaded (0ms)
			ExecutionOrderSort2 (0ms)
			AwakeInstancesAfterBackupRestoration (13ms)
Platform modules already initialized, skipping
========================================================================
Worker process is ready to serve import requests
Launched and connected shader compiler UnityShaderCompiler.exe after 0.07 seconds
Refreshing native plugins compatible for Editor in 0.47 ms, found 3 plugins.
Preloading 0 native plugins for Editor in 0.00 ms.
Unloading 2121 Unused Serialized files (Serialized files now loaded: 0)
System memory in use before: 94.0 MB.
System memory in use after: 94.1 MB.

Unloading 26 unused Assets to reduce memory usage. Loaded Objects now: 2562.
Total: 4.037100 ms (FindLiveObjects: 0.301000 ms CreateObjectMapping: 0.069200 ms MarkObjects: 3.558200 ms  DeleteObjects: 0.107000 ms)

AssetImportParameters requested are different than current active one (requested -> active):
  custom:framework-win-MediaFoundation: 216162199b28c13a410421893ffa2e32 -> 
  custom:video-decoder-ogg-theora: a1e56fd34408186e4bbccfd4996cb3dc -> 
  custom:container-muxer-webm: aa71ff27fc2769a1b78a27578f13a17b -> 
  custom:container-demuxer-webm: 4f35f7cbe854078d1ac9338744f61a02 -> 
  custom:container-demuxer-ogg: 62fdf1f143b41e24485cea50d1cbac27 -> 
  custom:video-encoder-webm-vp8: eb34c28f22e8b96e1ab97ce403110664 -> 
  custom:video-decoder-webm-vp8: 9c59270c3fd7afecdb556c50c9e8de78 -> 
  custom:audio-decoder-ogg-vorbis: bf7c407c2cedff20999df2af8eb42d56 -> 
  custom:audio-encoder-webm-vorbis: bf7c407c2cedff20999df2af8eb42d56 -> 
========================================================================
Received Import Request.
  path: Assets/Resources/Prefabs/Army.prefab
  artifactKey: Guid(512534d9ffcb89d48b14a9843f6ccc11) Importer(815301076,1909f56bfc062723c751e8b465ee728b)
Start importing Assets/Resources/Prefabs/Army.prefab using Guid(512534d9ffcb89d48b14a9843f6ccc11) Importer(815301076,1909f56bfc062723c751e8b465ee728b)  -> (artifact id: '7a2967bd9b11ceec67dde9ee772914e3') in 0.209387 seconds 
  Import took 0.213434 seconds .

========================================================================
Received Prepare
Refreshing native plugins compatible for Editor in 7.04 ms, found 3 plugins.
Preloading 0 native plugins for Editor in 0.00 ms.
Unloading 12 Unused Serialized files (Serialized files now loaded: 0)
System memory in use before: 55.0 MB.
System memory in use after: 55.1 MB.

Unloading 12 unused Assets to reduce memory usage. Loaded Objects now: 2569.
Total: 4.335500 ms (FindLiveObjects: 0.223100 ms CreateObjectMapping: 0.053500 ms MarkObjects: 4.037800 ms  DeleteObjects: 0.020000 ms)

AssetImportParameters requested are different than current active one (requested -> active):
  custom:framework-win-MediaFoundation: 216162199b28c13a410421893ffa2e32 -> 
  custom:video-decoder-ogg-theora: a1e56fd34408186e4bbccfd4996cb3dc -> 
  custom:container-muxer-webm: aa71ff27fc2769a1b78a27578f13a17b -> 
  custom:container-demuxer-webm: 4f35f7cbe854078d1ac9338744f61a02 -> 
  custom:container-demuxer-ogg: 62fdf1f143b41e24485cea50d1cbac27 -> 
  custom:video-encoder-webm-vp8: eb34c28f22e8b96e1ab97ce403110664 -> 
  custom:video-decoder-webm-vp8: 9c59270c3fd7afecdb556c50c9e8de78 -> 
  custom:audio-decoder-ogg-vorbis: bf7c407c2cedff20999df2af8eb42d56 -> 
  custom:audio-encoder-webm-vorbis: bf7c407c2cedff20999df2af8eb42d56 -> 
========================================================================
Received Import Request.
  Time since last request: 45.521669 seconds.
  path: Assets/Resources/item_shield.png
  artifactKey: Guid(022305869564f9244bfb549bdfc58d83) Importer(815301076,1909f56bfc062723c751e8b465ee728b)
Start importing Assets/Resources/item_shield.png using Guid(022305869564f9244bfb549bdfc58d83) Importer(815301076,1909f56bfc062723c751e8b465ee728b)  -> (artifact id: 'dd75b5a39747debab238b3d5340f0df8') in 0.097791 seconds 
  Import took 0.102189 seconds .

========================================================================
Received Import Request.
  Time since last request: 0.000232 seconds.
  path: Assets/Resources/item_sword.png
  artifactKey: Guid(480398d4792b02e4abbc02792aaa8f69) Importer(815301076,1909f56bfc062723c751e8b465ee728b)
Start importing Assets/Resources/item_sword.png using Guid(480398d4792b02e4abbc02792aaa8f69) Importer(815301076,1909f56bfc062723c751e8b465ee728b)  -> (artifact id: '39c85725a0c0c8794f497931d5e47f8b') in 0.033131 seconds 
  Import took 0.036872 seconds .

========================================================================
Received Import Request.
  Time since last request: 0.000196 seconds.
  path: Assets/Resources/item_spear.png
  artifactKey: Guid(09152ad7769be784c8fa72e2e49abc36) Importer(815301076,1909f56bfc062723c751e8b465ee728b)
Start importing Assets/Resources/item_spear.png using Guid(09152ad7769be784c8fa72e2e49abc36) Importer(815301076,1909f56bfc062723c751e8b465ee728b)  -> (artifact id: '07bf35f496aae5078a32b22fc3d237a6') in 0.032246 seconds 
  Import took 0.035864 seconds .

========================================================================
Received Import Request.
  Time since last request: 9.243132 seconds.
  path: Assets/Resources/Sprites/Items
  artifactKey: Guid(227064f597d6c494ba7b9b748e914a25) Importer(815301076,1909f56bfc062723c751e8b465ee728b)
Start importing Assets/Resources/Sprites/Items using Guid(227064f597d6c494ba7b9b748e914a25) Importer(815301076,1909f56bfc062723c751e8b465ee728b)  -> (artifact id: '850feb5cf5ae2407830f8cecd4d33984') in 0.013659 seconds 
  Import took 0.017469 seconds .

========================================================================
Received Import Request.
  Time since last request: 268.046483 seconds.
  path: Assets/Resources/Prefabs/Army.prefab
  artifactKey: Guid(512534d9ffcb89d48b14a9843f6ccc11) Importer(815301076,1909f56bfc062723c751e8b465ee728b)
Start importing Assets/Resources/Prefabs/Army.prefab using Guid(512534d9ffcb89d48b14a9843f6ccc11) Importer(815301076,1909f56bfc062723c751e8b465ee728b)  -> (artifact id: 'e8dcb3b88f0d46f52f27675d40fc4720') in 0.027292 seconds 
  Import took 0.032259 seconds .

========================================================================
Received Import Request.
  Time since last request: 2.172042 seconds.
  path: Assets/Resources/Prefabs/Army 1.prefab
  artifactKey: Guid(4db9f82e4fc0bce45851fe33fc07e6ee) Importer(815301076,1909f56bfc062723c751e8b465ee728b)
Start importing Assets/Resources/Prefabs/Army 1.prefab using Guid(4db9f82e4fc0bce45851fe33fc07e6ee) Importer(815301076,1909f56bfc062723c751e8b465ee728b)  -> (artifact id: '2c44dd9b4584f1788f72f4415bcd25e3') in 0.029539 seconds 
  Import took 0.035932 seconds .

========================================================================
Received Import Request.
  Time since last request: 0.001714 seconds.
  path: Assets/Resources/Prefabs/Army 1.prefab
  artifactKey: Guid(4db9f82e4fc0bce45851fe33fc07e6ee) Importer(815301076,1909f56bfc062723c751e8b465ee728b)
Start importing Assets/Resources/Prefabs/Army 1.prefab using Guid(4db9f82e4fc0bce45851fe33fc07e6ee) Importer(815301076,1909f56bfc062723c751e8b465ee728b)  -> (artifact id: '2c44dd9b4584f1788f72f4415bcd25e3') in 0.020482 seconds 
  Import took 0.024812 seconds .

========================================================================
Received Import Request.
  Time since last request: 5.243245 seconds.
  path: Assets/Resources/Prefabs/Army 1.prefab
  artifactKey: Guid(4db9f82e4fc0bce45851fe33fc07e6ee) Importer(815301076,1909f56bfc062723c751e8b465ee728b)
Start importing Assets/Resources/Prefabs/Army 1.prefab using Guid(4db9f82e4fc0bce45851fe33fc07e6ee) Importer(815301076,1909f56bfc062723c751e8b465ee728b)  -> (artifact id: 'ce5b8549354a27403e454d1b0909fbaf') in 0.018236 seconds 
  Import took 0.023552 seconds .

========================================================================
Received Import Request.
  Time since last request: 15.355668 seconds.
  path: Assets/Resources/Prefabs/Swordman.prefab
  artifactKey: Guid(512534d9ffcb89d48b14a9843f6ccc11) Importer(815301076,1909f56bfc062723c751e8b465ee728b)
Start importing Assets/Resources/Prefabs/Swordman.prefab using Guid(512534d9ffcb89d48b14a9843f6ccc11) Importer(815301076,1909f56bfc062723c751e8b465ee728b)  -> (artifact id: '350939db2ae73e399005e39e659c0985') in 0.026599 seconds 
  Import took 0.031031 seconds .

========================================================================
Received Import Request.
  Time since last request: 4.378546 seconds.
  path: Assets/Resources/Prefabs/Regular.prefab
  artifactKey: Guid(4db9f82e4fc0bce45851fe33fc07e6ee) Importer(815301076,1909f56bfc062723c751e8b465ee728b)
Start importing Assets/Resources/Prefabs/Regular.prefab using Guid(4db9f82e4fc0bce45851fe33fc07e6ee) Importer(815301076,1909f56bfc062723c751e8b465ee728b)  -> (artifact id: '71a33695b31c2a5076024e83c01503b5') in 0.027106 seconds 
  Import took 0.033040 seconds .

========================================================================
Received Import Request.
  Time since last request: 70.197220 seconds.
  path: Assets/Resources/Scriptable Objects/Armies/Regular.asset
  artifactKey: Guid(75961a2aae49e9d46bb6f4c22fefcd84) Importer(815301076,1909f56bfc062723c751e8b465ee728b)
Start importing Assets/Resources/Scriptable Objects/Armies/Regular.asset using Guid(75961a2aae49e9d46bb6f4c22fefcd84) Importer(815301076,1909f56bfc062723c751e8b465ee728b)  -> (artifact id: '571336fd55d3f57e02969a19b6565329') in 0.011388 seconds 
  Import took 0.016815 seconds .

========================================================================
Received Import Request.
  Time since last request: 461.324686 seconds.
  path: Assets/Resources/Prefabs/Spearman.prefab
  artifactKey: Guid(0767de1550113dc469719a7bec4f9d8f) Importer(815301076,1909f56bfc062723c751e8b465ee728b)
Start importing Assets/Resources/Prefabs/Spearman.prefab using Guid(0767de1550113dc469719a7bec4f9d8f) Importer(815301076,1909f56bfc062723c751e8b465ee728b)  -> (artifact id: '65877928feb56a8439c29c8bb9ec86a9') in 0.042828 seconds 
  Import took 0.047255 seconds .

========================================================================
Received Prepare
Registering precompiled user dll's ...
Registered in 0.003842 seconds.
Begin MonoManager ReloadAssembly
Native extension for WindowsStandalone target not found
Refreshing native plugins compatible for Editor in 0.62 ms, found 3 plugins.
Preloading 0 native plugins for Editor in 0.00 ms.
Mono: successfully reloaded assembly
- Completed reload, in  1.576 seconds
Domain Reload Profiling:
	ReloadAssembly (1577ms)
		BeginReloadAssembly (148ms)
			ExecutionOrderSort (0ms)
			DisableScriptedObjects (9ms)
			BackupInstance (0ms)
			ReleaseScriptingObjects (0ms)
			CreateAndSetChildDomain (52ms)
		EndReloadAssembly (1342ms)
			LoadAssemblies (121ms)
			RebuildTransferFunctionScriptingTraits (0ms)
			SetupTypeCache (419ms)
			ReleaseScriptCaches (2ms)
			RebuildScriptCaches (67ms)
			SetupLoadedEditorAssemblies (553ms)
				LogAssemblyErrors (0ms)
				InitializePlatformSupportModulesInManaged (11ms)
				SetLoadedEditorAssemblies (1ms)
				RefreshPlugins (1ms)
				BeforeProcessingInitializeOnLoad (111ms)
				ProcessInitializeOnLoadAttributes (417ms)
				ProcessInitializeOnLoadMethodAttributes (9ms)
				AfterProcessingInitializeOnLoad (3ms)
				EditorAssembliesLoaded (0ms)
			ExecutionOrderSort2 (0ms)
			AwakeInstancesAfterBackupRestoration (16ms)
Platform modules already initialized, skipping
Refreshing native plugins compatible for Editor in 0.53 ms, found 3 plugins.
Preloading 0 native plugins for Editor in 0.00 ms.
Unloading 2111 Unused Serialized files (Serialized files now loaded: 0)
System memory in use before: 96.4 MB.
System memory in use after: 96.5 MB.

Unloading 14 unused Assets to reduce memory usage. Loaded Objects now: 2578.
Total: 4.576800 ms (FindLiveObjects: 0.231800 ms CreateObjectMapping: 0.054300 ms MarkObjects: 4.259900 ms  DeleteObjects: 0.028900 ms)

AssetImportParameters requested are different than current active one (requested -> active):
  custom:framework-win-MediaFoundation: 216162199b28c13a410421893ffa2e32 -> 
  custom:video-decoder-ogg-theora: a1e56fd34408186e4bbccfd4996cb3dc -> 
  custom:container-muxer-webm: aa71ff27fc2769a1b78a27578f13a17b -> 
  custom:container-demuxer-webm: 4f35f7cbe854078d1ac9338744f61a02 -> 
  custom:container-demuxer-ogg: 62fdf1f143b41e24485cea50d1cbac27 -> 
  custom:video-encoder-webm-vp8: eb34c28f22e8b96e1ab97ce403110664 -> 
  custom:video-decoder-webm-vp8: 9c59270c3fd7afecdb556c50c9e8de78 -> 
  custom:audio-decoder-ogg-vorbis: bf7c407c2cedff20999df2af8eb42d56 -> 
  custom:audio-encoder-webm-vorbis: bf7c407c2cedff20999df2af8eb42d56 -> 
AssetImportWorkerClient::OnTransportError - code=2 error=End of file
